#
# There is insufficient memory for the Java Runtime Environment to continue.
# Native memory allocation (malloc) failed to allocate 43936 bytes for Chunk::new
# Possible reasons:
#   The system is out of physical RAM or swap space
#   In 32 bit mode, the process size limit was hit
# Possible solutions:
#   Reduce memory load on the system
#   Increase physical memory or swap space
#   Check if swap backing store is full
#   Use 64 bit Java on a 64 bit OS
#   Decrease Java heap size (-Xmx/-Xms)
#   Decrease number of Java threads
#   Decrease Java thread stack sizes (-Xss)
#   Set larger code cache with -XX:ReservedCodeCacheSize=
# This output file may be truncated or incomplete.
#
#  Out of Memory Error (allocation.cpp:390), pid=11460, tid=0x0000000000003a20
#
# JRE version: Java(TM) SE Runtime Environment (8.0_144-b01) (build 1.8.0_144-b01)
# Java VM: Java HotSpot(TM) 64-Bit Server VM (25.144-b01 mixed mode windows-amd64 compressed oops)
# Failed to write core dump. Minidumps are not enabled by default on client versions of Windows
#

---------------  T H R E A D  ---------------

Current thread (0x00000000563ad000):  JavaThread "C2 CompilerThread1" daemon [_thread_in_native, id=14880, stack(0x0000000056d40000,0x0000000056e40000)]

Stack: [0x0000000056d40000,0x0000000056e40000]
[error occurred during error reporting (printing stack bounds), id 0xc0000005]

Native frames: (J=compiled Java code, j=interpreted, Vv=VM code, C=native code)


Current CompileTask:
C2:  45893 1336       4       java.util.regex.Matcher::search (109 bytes)


---------------  P R O C E S S  ---------------

Java Threads: ( => current thread )
  0x0000000057823800 JavaThread "Okio Watchdog" daemon [_thread_blocked, id=14600, stack(0x0000000059020000,0x0000000059120000)]
  0x00000000578a7800 JavaThread "OkHttp ConnectionPool" daemon [_thread_blocked, id=14912, stack(0x00000000585f0000,0x00000000586f0000)]
  0x0000000057a4e800 JavaThread "UrlChecker-2" daemon [_thread_blocked, id=14532, stack(0x00000000589b0000,0x0000000058ab0000)]
  0x000000005796e800 JavaThread "Exec Stream Pumper" daemon [_thread_in_native, id=15144, stack(0x0000000057210000,0x0000000057310000)]
  0x00000000576f2000 JavaThread "Exec Stream Pumper" daemon [_thread_in_native, id=15300, stack(0x0000000058870000,0x0000000058970000)]
  0x0000000057a80000 JavaThread "Exec Default Executor" daemon [_thread_in_native, id=15256, stack(0x0000000058700000,0x0000000058800000)]
  0x00000000566c6800 JavaThread "ReaderThread" [_thread_in_native, id=13760, stack(0x00000000580e0000,0x00000000581e0000)]
  0x00000000563f7000 JavaThread "Service Thread" daemon [_thread_blocked, id=432, stack(0x0000000057110000,0x0000000057210000)]
  0x00000000563b6000 JavaThread "C1 CompilerThread2" daemon [_thread_blocked, id=14940, stack(0x0000000056f80000,0x0000000057080000)]
=>0x00000000563ad000 JavaThread "C2 CompilerThread1" daemon [_thread_in_native, id=14880, stack(0x0000000056d40000,0x0000000056e40000)]
  0x000000005639b000 JavaThread "C2 CompilerThread0" daemon [_thread_blocked, id=14872, stack(0x00000000567d0000,0x00000000568d0000)]
  0x0000000056398000 JavaThread "Attach Listener" daemon [_thread_blocked, id=14964, stack(0x0000000056ad0000,0x0000000056bd0000)]
  0x0000000056397000 JavaThread "Signal Dispatcher" daemon [_thread_blocked, id=14576, stack(0x0000000056930000,0x0000000056a30000)]
  0x0000000054ece000 JavaThread "Finalizer" daemon [_thread_blocked, id=11076, stack(0x0000000056290000,0x0000000056390000)]
  0x0000000054e86800 JavaThread "Reference Handler" daemon [_thread_blocked, id=15136, stack(0x0000000056190000,0x0000000056290000)]
  0x0000000001e7e800 JavaThread "main" [_thread_in_Java, id=14604, stack(0x0000000002390000,0x0000000002490000)]

Other Threads:
  0x0000000054e7f000 VMThread [stack: 0x0000000055f10000,0x0000000056010000] [id=3312]
  0x000000005641c800 WatcherThread [stack: 0x0000000057320000,0x0000000057420000] [id=15340]

VM state:not at safepoint (normal execution)

VM Mutex/Monitor currently owned by a thread: None

Heap:
 PSYoungGen      total 18432K, used 6147K [0x00000000eb600000, 0x00000000eca80000, 0x0000000100000000)
  eden space 15872K, 22% used [0x00000000eb600000,0x00000000eb984c40,0x00000000ec580000)
  from space 2560K, 99% used [0x00000000ec580000,0x00000000ec7fc020,0x00000000ec800000)
  to   space 2560K, 0% used [0x00000000ec800000,0x00000000ec800000,0x00000000eca80000)
 ParOldGen       total 42496K, used 4958K [0x00000000c2200000, 0x00000000c4b80000, 0x00000000eb600000)
  object space 42496K, 11% used [0x00000000c2200000,0x00000000c26d7a30,0x00000000c4b80000)
 Metaspace       used 16034K, capacity 16434K, committed 16512K, reserved 1062912K
  class space    used 1968K, capacity 2129K, committed 2176K, reserved 1048576K

Card table byte_map: [0x0000000011c10000,0x0000000011e00000] byte_map_base: 0x00000000115ff000

Marking Bits: (ParMarkBitMap*) 0x00000000625ad850
 Begin Bits: [0x0000000012410000, 0x0000000013388000)
 End Bits:   [0x0000000013388000, 0x0000000014300000)

Polling page: 0x0000000000220000

CodeCache: size=245760Kb used=4633Kb max_used=4643Kb free=241127Kb
 bounds [0x0000000002850000, 0x0000000002ce0000, 0x0000000011850000]
 total_blobs=1722 nmethods=1331 adapters=304
 compilation: enabled

Compilation events (10 events):
Event: 35.662 Thread 0x000000005639b000 nmethod 1331 0x0000000002cd3390 code [0x0000000002cd3540, 0x0000000002cd3af0]
Event: 35.662 Thread 0x00000000563b6000 1332       3       java.lang.String::contains (20 bytes)
Event: 35.663 Thread 0x00000000563b6000 nmethod 1332 0x0000000002cd4d50 code [0x0000000002cd4ee0, 0x0000000002cd5378]
Event: 35.692 Thread 0x000000005639b000 1333       4       java.util.HashSet::add (20 bytes)
Event: 35.711 Thread 0x000000005639b000 nmethod 1333 0x0000000002cd9b50 code [0x0000000002cd9d60, 0x0000000002cdaa40]
Event: 45.880 Thread 0x00000000563b6000 1334       3       java.util.regex.Pattern$BitClass::isSatisfiedBy (22 bytes)
Event: 45.881 Thread 0x00000000563ad000 1336       4       java.util.regex.Matcher::search (109 bytes)
Event: 45.881 Thread 0x00000000563b6000 nmethod 1334 0x0000000002cd46d0 code [0x0000000002cd4840, 0x0000000002cd4a50]
Event: 45.881 Thread 0x00000000563b6000 1335       3       java.util.regex.Pattern$BmpCharProperty::match (50 bytes)
Event: 45.881 Thread 0x00000000563b6000 nmethod 1335 0x0000000002cd9390 code [0x0000000002cd9520, 0x0000000002cd99c8]

GC Heap History (6 events):
Event: 17.315 GC heap before
{Heap before GC invocations=1 (full 0):
 PSYoungGen      total 18432K, used 15872K [0x00000000eb600000, 0x00000000eca80000, 0x0000000100000000)
  eden space 15872K, 100% used [0x00000000eb600000,0x00000000ec580000,0x00000000ec580000)
  from space 2560K, 0% used [0x00000000ec800000,0x00000000ec800000,0x00000000eca80000)
  to   space 2560K, 0% used [0x00000000ec580000,0x00000000ec580000,0x00000000ec800000)
 ParOldGen       total 42496K, used 0K [0x00000000c2200000, 0x00000000c4b80000, 0x00000000eb600000)
  object space 42496K, 0% used [0x00000000c2200000,0x00000000c2200000,0x00000000c4b80000)
 Metaspace       used 8544K, capacity 8662K, committed 8704K, reserved 1056768K
  class space    used 990K, capacity 1009K, committed 1024K, reserved 1048576K
Event: 17.368 GC heap after
Heap after GC invocations=1 (full 0):
 PSYoungGen      total 18432K, used 2545K [0x00000000eb600000, 0x00000000eca80000, 0x0000000100000000)
  eden space 15872K, 0% used [0x00000000eb600000,0x00000000eb600000,0x00000000ec580000)
  from space 2560K, 99% used [0x00000000ec580000,0x00000000ec7fc678,0x00000000ec800000)
  to   space 2560K, 0% used [0x00000000ec800000,0x00000000ec800000,0x00000000eca80000)
 ParOldGen       total 42496K, used 1004K [0x00000000c2200000, 0x00000000c4b80000, 0x00000000eb600000)
  object space 42496K, 2% used [0x00000000c2200000,0x00000000c22fb198,0x00000000c4b80000)
 Metaspace       used 8544K, capacity 8662K, committed 8704K, reserved 1056768K
  class space    used 990K, capacity 1009K, committed 1024K, reserved 1048576K
}
Event: 30.278 GC heap before
{Heap before GC invocations=2 (full 0):
 PSYoungGen      total 18432K, used 18417K [0x00000000eb600000, 0x00000000eca80000, 0x0000000100000000)
  eden space 15872K, 100% used [0x00000000eb600000,0x00000000ec580000,0x00000000ec580000)
  from space 2560K, 99% used [0x00000000ec580000,0x00000000ec7fc678,0x00000000ec800000)
  to   space 2560K, 0% used [0x00000000ec800000,0x00000000ec800000,0x00000000eca80000)
 ParOldGen       total 42496K, used 1004K [0x00000000c2200000, 0x00000000c4b80000, 0x00000000eb600000)
  object space 42496K, 2% used [0x00000000c2200000,0x00000000c22fb198,0x00000000c4b80000)
 Metaspace       used 12394K, capacity 12612K, committed 12800K, reserved 1060864K
  class space    used 1430K, capacity 1510K, committed 1536K, reserved 1048576K
Event: 30.286 GC heap after
Heap after GC invocations=2 (full 0):
 PSYoungGen      total 18432K, used 2528K [0x00000000eb600000, 0x00000000eca80000, 0x0000000100000000)
  eden space 15872K, 0% used [0x00000000eb600000,0x00000000eb600000,0x00000000ec580000)
  from space 2560K, 98% used [0x00000000ec800000,0x00000000eca78020,0x00000000eca80000)
  to   space 2560K, 0% used [0x00000000ec580000,0x00000000ec580000,0x00000000ec800000)
 ParOldGen       total 42496K, used 2660K [0x00000000c2200000, 0x00000000c4b80000, 0x00000000eb600000)
  object space 42496K, 6% used [0x00000000c2200000,0x00000000c2499350,0x00000000c4b80000)
 Metaspace       used 12394K, capacity 12612K, committed 12800K, reserved 1060864K
  class space    used 1430K, capacity 1510K, committed 1536K, reserved 1048576K
}
Event: 34.701 GC heap before
{Heap before GC invocations=3 (full 0):
 PSYoungGen      total 18432K, used 18400K [0x00000000eb600000, 0x00000000eca80000, 0x0000000100000000)
  eden space 15872K, 100% used [0x00000000eb600000,0x00000000ec580000,0x00000000ec580000)
  from space 2560K, 98% used [0x00000000ec800000,0x00000000eca78020,0x00000000eca80000)
  to   space 2560K, 0% used [0x00000000ec580000,0x00000000ec580000,0x00000000ec800000)
 ParOldGen       total 42496K, used 2660K [0x00000000c2200000, 0x00000000c4b80000, 0x00000000eb600000)
  object space 42496K, 6% used [0x00000000c2200000,0x00000000c2499350,0x00000000c4b80000)
 Metaspace       used 15403K, capacity 15818K, committed 16000K, reserved 1062912K
  class space    used 1891K, capacity 2053K, committed 2176K, reserved 1048576K
Event: 34.730 GC heap after
Heap after GC invocations=3 (full 0):
 PSYoungGen      total 18432K, used 2544K [0x00000000eb600000, 0x00000000eca80000, 0x0000000100000000)
  eden space 15872K, 0% used [0x00000000eb600000,0x00000000eb600000,0x00000000ec580000)
  from space 2560K, 99% used [0x00000000ec580000,0x00000000ec7fc020,0x00000000ec800000)
  to   space 2560K, 0% used [0x00000000ec800000,0x00000000ec800000,0x00000000eca80000)
 ParOldGen       total 42496K, used 4958K [0x00000000c2200000, 0x00000000c4b80000, 0x00000000eb600000)
  object space 42496K, 11% used [0x00000000c2200000,0x00000000c26d7a30,0x00000000c4b80000)
 Metaspace       used 15403K, capacity 15818K, committed 16000K, reserved 1062912K
  class space    used 1891K, capacity 2053K, committed 2176K, reserved 1048576K
}

Deoptimization events (10 events):
Event: 31.549 Thread 0x0000000057a4e800 Uncommon trap: reason=unstable_if action=reinterpret pc=0x0000000002b2f484 method=java.lang.CharacterDataLatin1.digit(II)I @ 82
Event: 33.524 Thread 0x0000000001e7e800 Uncommon trap: reason=class_check action=maybe_recompile pc=0x0000000002c43c34 method=java.util.regex.Matcher.search(I)Z @ 86
Event: 33.524 Thread 0x0000000001e7e800 Uncommon trap: reason=class_check action=maybe_recompile pc=0x0000000002bb7564 method=java.util.regex.Pattern$Curly.match(Ljava/util/regex/Matcher;ILjava/lang/CharSequence;)Z @ 19
Event: 33.524 Thread 0x0000000001e7e800 Uncommon trap: reason=class_check action=maybe_recompile pc=0x0000000002c43c34 method=java.util.regex.Matcher.search(I)Z @ 86
Event: 33.524 Thread 0x0000000001e7e800 Uncommon trap: reason=class_check action=maybe_recompile pc=0x0000000002c43c34 method=java.util.regex.Matcher.search(I)Z @ 86
Event: 33.524 Thread 0x0000000001e7e800 Uncommon trap: reason=class_check action=maybe_recompile pc=0x0000000002c43c34 method=java.util.regex.Matcher.search(I)Z @ 86
Event: 33.524 Thread 0x0000000001e7e800 Uncommon trap: reason=class_check action=maybe_recompile pc=0x0000000002bb7564 method=java.util.regex.Pattern$Curly.match(Ljava/util/regex/Matcher;ILjava/lang/CharSequence;)Z @ 19
Event: 33.549 Thread 0x0000000001e7e800 Uncommon trap: reason=class_check action=maybe_recompile pc=0x0000000002bb7564 method=java.util.regex.Pattern$Curly.match(Ljava/util/regex/Matcher;ILjava/lang/CharSequence;)Z @ 19
Event: 33.549 Thread 0x0000000001e7e800 Uncommon trap: reason=class_check action=maybe_recompile pc=0x0000000002bb7564 method=java.util.regex.Pattern$Curly.match(Ljava/util/regex/Matcher;ILjava/lang/CharSequence;)Z @ 19
Event: 34.731 Thread 0x0000000001e7e800 Uncommon trap: reason=unstable_if action=reinterpret pc=0x0000000002b426d8 method=java.util.regex.Pattern$BmpCharProperty.match(Ljava/util/regex/Matcher;ILjava/lang/CharSequence;)Z @ 34

Internal exceptions (10 events):
Event: 16.252 Thread 0x0000000001e7e800 Exception <a 'java/lang/ArrayIndexOutOfBoundsException'> (0x00000000ebe5c670) thrown at [C:\re\workspace\8-2-build-windows-amd64-cygwin\jdk8u144\9417\hotspot\src\share\vm\runtime\sharedRuntime.cpp, line 605]
Event: 16.252 Thread 0x0000000001e7e800 Exception <a 'java/lang/ArrayIndexOutOfBoundsException'> (0x00000000ebe5d2f8) thrown at [C:\re\workspace\8-2-build-windows-amd64-cygwin\jdk8u144\9417\hotspot\src\share\vm\runtime\sharedRuntime.cpp, line 605]
Event: 16.993 Thread 0x0000000001e7e800 Exception <a 'java/lang/ArrayIndexOutOfBoundsException': 65> (0x00000000ec386288) thrown at [C:\re\workspace\8-2-build-windows-amd64-cygwin\jdk8u144\9417\hotspot\src\share\vm\interpreter\interpreterRuntime.cpp, line 366]
Event: 17.034 Thread 0x0000000001e7e800 Exception <a 'java/lang/ArrayIndexOutOfBoundsException': 60> (0x00000000ec38c020) thrown at [C:\re\workspace\8-2-build-windows-amd64-cygwin\jdk8u144\9417\hotspot\src\share\vm\interpreter\interpreterRuntime.cpp, line 366]
Event: 29.859 Thread 0x0000000001e7e800 Exception <a 'java/lang/NoSuchFieldError': method resolution failed> (0x00000000ec391c38) thrown at [C:\re\workspace\8-2-build-windows-amd64-cygwin\jdk8u144\9417\hotspot\src\share\vm\prims\methodHandles.cpp, line 1146]
Event: 29.862 Thread 0x0000000001e7e800 Exception <a 'java/lang/NoSuchFieldError': method resolution failed> (0x00000000ec39f6f8) thrown at [C:\re\workspace\8-2-build-windows-amd64-cygwin\jdk8u144\9417\hotspot\src\share\vm\prims\methodHandles.cpp, line 1146]
Event: 32.384 Thread 0x0000000001e7e800 Exception <a 'java/lang/IncompatibleClassChangeError': Found class java.lang.Object, but interface was expected> (0x00000000ebe58078) thrown at [C:\re\workspace\8-2-build-windows-amd64-cygwin\jdk8u144\9417\hotspot\src\share\vm\interpreter\linkResolver.cpp
Event: 32.413 Thread 0x0000000001e7e800 Exception <a 'java/lang/NoSuchMethodError': java.lang.Object.lambda$or$2(Ljava/util/function/Predicate;Ljava/lang/Object;)Z> (0x00000000ebe66e40) thrown at [C:\re\workspace\8-2-build-windows-amd64-cygwin\jdk8u144\9417\hotspot\src\share\vm\interpreter\link
Event: 45.740 Thread 0x0000000001e7e800 Exception <a 'java/net/SocketTimeoutException': Read timed out> (0x00000000eb8d89d0) thrown at [C:\re\workspace\8-2-build-windows-amd64-cygwin\jdk8u144\9417\hotspot\src\share\vm\prims\jni.cpp, line 735]
Event: 45.809 Thread 0x0000000001e7e800 Exception <a 'java/lang/reflect/InvocationTargetException'> (0x00000000eb8fb3c0) thrown at [C:\re\workspace\8-2-build-windows-amd64-cygwin\jdk8u144\9417\hotspot\src\share\vm\runtime\reflection.cpp, line 1092]

Events (10 events):
Event: 45.801 loading class sun/misc/JavaNetHttpCookieAccess
Event: 45.801 loading class sun/misc/JavaNetHttpCookieAccess done
Event: 45.801 loading class sun/misc/JavaOISAccess
Event: 45.801 loading class sun/misc/JavaOISAccess done
Event: 45.801 loading class sun/misc/JavaObjectInputStreamAccess
Event: 45.801 loading class sun/misc/JavaObjectInputStreamAccess done
Event: 45.809 loading class org/testng/SkipException
Event: 45.809 loading class org/testng/SkipException done
Event: 45.877 loading class org/openqa/selenium/internal/BuildInfo
Event: 45.877 loading class org/openqa/selenium/internal/BuildInfo done


Dynamic libraries:
0x000000013f9f0000 - 0x000000013fa27000 	C:\Program Files\Java\jdk1.8.0_144\bin\javaw.exe
0x0000000076f50000 - 0x00000000770fa000 	C:\Windows\SYSTEM32\ntdll.dll
0x0000000076e30000 - 0x0000000076f4f000 	C:\Windows\system32\kernel32.dll
0x000007fefcc60000 - 0x000007fefccca000 	C:\Windows\system32\KERNELBASE.dll
0x000007fefd4e0000 - 0x000007fefd5bb000 	C:\Windows\system32\ADVAPI32.dll
0x000007feff1c0000 - 0x000007feff25f000 	C:\Windows\system32\msvcrt.dll
0x000007fefdb20000 - 0x000007fefdb3f000 	C:\Windows\SYSTEM32\sechost.dll
0x000007fefd9f0000 - 0x000007fefdb1d000 	C:\Windows\system32\RPCRT4.dll
0x0000000076d30000 - 0x0000000076e2a000 	C:\Windows\system32\USER32.dll
0x000007fefdc90000 - 0x000007fefdcf7000 	C:\Windows\system32\GDI32.dll
0x000007fefecf0000 - 0x000007fefecfe000 	C:\Windows\system32\LPK.dll
0x000007fefd3b0000 - 0x000007fefd47b000 	C:\Windows\system32\USP10.dll
0x000007fefb210000 - 0x000007fefb404000 	C:\Windows\WinSxS\amd64_microsoft.windows.common-controls_6595b64144ccf1df_6.0.7601.18837_none_fa3b1e3d17594757\COMCTL32.dll
0x000007fefdd00000 - 0x000007fefdd71000 	C:\Windows\system32\SHLWAPI.dll
0x000007feff190000 - 0x000007feff1be000 	C:\Windows\system32\IMM32.DLL
0x000007fefd610000 - 0x000007fefd719000 	C:\Windows\system32\MSCTF.dll
0x000007fefcb60000 - 0x000007fefcba4000 	C:\Windows\system32\nvinitx.dll
0x000000006db40000 - 0x000000006dc12000 	C:\Program Files\Java\jdk1.8.0_144\jre\bin\msvcr100.dll
0x0000000061d90000 - 0x000000006262d000 	C:\Program Files\Java\jdk1.8.0_144\jre\bin\server\jvm.dll
0x000007feea6a0000 - 0x000007feea6a9000 	C:\Windows\system32\WSOCK32.dll
0x000007fefd5c0000 - 0x000007fefd60d000 	C:\Windows\system32\WS2_32.dll
0x000007fefdc80000 - 0x000007fefdc88000 	C:\Windows\system32\NSI.dll
0x000007fefad50000 - 0x000007fefad8b000 	C:\Windows\system32\WINMM.dll
0x000007fefbc60000 - 0x000007fefbc6c000 	C:\Windows\system32\VERSION.dll
0x0000000077120000 - 0x0000000077127000 	C:\Windows\system32\PSAPI.DLL
0x00000000729c0000 - 0x00000000729cf000 	C:\Program Files\Java\jdk1.8.0_144\jre\bin\verify.dll
0x000000006db10000 - 0x000000006db39000 	C:\Program Files\Java\jdk1.8.0_144\jre\bin\java.dll
0x000000006daf0000 - 0x000000006db06000 	C:\Program Files\Java\jdk1.8.0_144\jre\bin\zip.dll
0x000007fefdd80000 - 0x000007fefeb0a000 	C:\Windows\system32\SHELL32.dll
0x000007fefd190000 - 0x000007fefd38c000 	C:\Windows\system32\ole32.dll
0x000007fefcc50000 - 0x000007fefcc5f000 	C:\Windows\system32\profapi.dll
0x000000006dad0000 - 0x000000006daea000 	C:\Program Files\Java\jdk1.8.0_144\jre\bin\net.dll
0x000007fefc380000 - 0x000007fefc3d5000 	C:\Windows\system32\mswsock.dll
0x000007fefc370000 - 0x000007fefc377000 	C:\Windows\System32\wship6.dll
0x000007fefbd30000 - 0x000007fefbd37000 	C:\Windows\System32\wshtcpip.dll
0x000007fefc200000 - 0x000007fefc25b000 	C:\Windows\system32\DNSAPI.dll
0x000007fef6960000 - 0x000007fef698e000 	C:\Program Files\Common Files\Microsoft Shared\Windows Live\WLIDNSP.DLL
0x000007fefa6e0000 - 0x000007fefa707000 	C:\Windows\system32\IPHLPAPI.DLL
0x000007fefa810000 - 0x000007fefa81b000 	C:\Windows\system32\WINNSI.DLL
0x000007fef68d0000 - 0x000007fef68d8000 	C:\Windows\system32\rasadhlp.dll
0x000007fefa710000 - 0x000007fefa763000 	C:\Windows\System32\fwpuclnt.dll
0x000007fefc3e0000 - 0x000007fefc3f8000 	C:\Windows\system32\CRYPTSP.dll
0x000007fefc0e0000 - 0x000007fefc127000 	C:\Windows\system32\rsaenh.dll
0x000007fefcfe0000 - 0x000007fefcffe000 	C:\Windows\system32\USERENV.dll
0x000007fefca50000 - 0x000007fefca5f000 	C:\Windows\system32\CRYPTBASE.dll
0x000007fefa560000 - 0x000007fefa578000 	C:\Windows\system32\dhcpcsvc.DLL
0x000007fefa3f0000 - 0x000007fefa401000 	C:\Windows\system32\dhcpcsvc6.DLL
0x000000006dab0000 - 0x000000006dac1000 	C:\Program Files\Java\jdk1.8.0_144\jre\bin\nio.dll
0x000000006da00000 - 0x000000006da24000 	C:\Program Files\Java\jdk1.8.0_144\jre\bin\sunec.dll
0x000007fefc9f0000 - 0x000007fefca47000 	C:\Windows\system32\apphelp.dll
0x000007fefadd0000 - 0x000007fefade5000 	C:\Windows\system32\NLAapi.dll
0x000007fef5780000 - 0x000007fef5795000 	C:\Windows\system32\napinsp.dll
0x000007fef5760000 - 0x000007fef5779000 	C:\Windows\system32\pnrpnsp.dll
0x000007fef5750000 - 0x000007fef575b000 	C:\Windows\System32\winrnr.dll
0x000007fef5740000 - 0x000007fef5750000 	C:\Windows\system32\wshbth.dll

VM Arguments:
jvm_args: -ea -Dfile.encoding=Cp1252 
java_command: org.testng.remote.RemoteTestNG -serport 54984 -protocol json -d E:\workspace3\MavenJBKSiteFramework\test-output C:\Users\lenovo\AppData\Local\Temp\testng-eclipse-1396053777\testng-customsuite.xml
java_class_path (initial): E:\Akshay Data\eclipse-jee-neon-3-win32-x86_64 testngmaven\eclipse\plugins\org.testng.eclipse_6.10.0.201612030230\lib\testng-remote.jar;E:\workspace3\MavenJBKSiteFramework\target\test-classes;E:\workspace3\MavenJBKSiteFramework\target\classes;E:\Akshay Data\eclipse-jee-neon-3-win32-x86_64 testngmaven\eclipse\plugins\org.testng.eclipse_6.10.0.201612030230\lib\testng.jar;E:\Akshay Data\eclipse-jee-neon-3-win32-x86_64 testngmaven\eclipse\plugins\org.testng.eclipse_6.10.0.201612030230\lib\jcommander.jar;E:\Akshay Data\eclipse-jee-neon-3-win32-x86_64 testngmaven\eclipse\plugins\org.testng.eclipse_6.10.0.201612030230\lib\bsh-2.0b4.jar;E:\Akshay Data\eclipse-jee-neon-3-win32-x86_64 testngmaven\eclipse\plugins\org.testng.eclipse_6.10.0.201612030230\lib\snakeyaml.jar;C:\Users\lenovo\.m2\repository\log4j\log4j\1.2.17\log4j-1.2.17.jar;C:\Users\lenovo\.m2\repository\org\seleniumhq\selenium\selenium-java\3.9.0\selenium-java-3.9.0.jar;C:\Users\lenovo\.m2\repository\org\seleniumhq\selenium\selenium-api\3.9.0\selenium-api-3.9.0.jar;C:\Users\lenovo\.m2\repository\org\seleniumhq\selenium\selenium-chrome-driver\3.9.0\selenium-chrome-driver-3.9.0.jar;C:\Users\lenovo\.m2\repository\org\seleniumhq\selenium\selenium-edge-driver\3.9.0\selenium-edge-driver-3.9.0.jar;C:\Users\lenovo\.m2\repository\org\seleniumhq\selenium\selenium-firefox-driver\3.9.0\selenium-firefox-driver-3.9.0.jar;C:\Users\lenovo\.m2\repository\org\seleniumhq\selenium\selenium-ie-driver\3.9.0\selenium-ie-driver-3.9.0.jar;C:\Users\lenovo\.m2\repository\org\seleniumhq\selenium\selenium-opera-driver\3.9.0\selenium-opera-driver-3.9.0.jar;C:\Users\lenovo\.m2\repository\org\seleniumhq\selenium\selenium-remote-driver\3.9.0\selenium-remote-driver-3.9.0.jar;C:\Users\lenovo\.m2\repository\org\seleniumhq\selenium\selenium-safari-driver\3.9.0\selenium-safari-driver-3.9.0.jar;C:\Users\lenovo\.m2\repository\org\seleniumhq\selenium\selenium-support\3.9.0\selenium-support-3.9.0.jar;C:\Users\lenovo\.m2\reposit
Launcher Type: SUN_STANDARD

Environment Variables:
PATH=C:/Program Files/Java/jre1.8.0_291/bin/server;C:/Program Files/Java/jre1.8.0_291/bin;C:/Program Files/Java/jre1.8.0_291/lib/amd64;C:\Program Files (x86)\Common Files\Oracle\Java\javapath;C:\ProgramData\Oracle\Java\javapath;C:\Program Files (x86)\PC Connectivity Solution\;C:\Program Files\Common Files\Microsoft Shared\Windows Live;C:\Program Files (x86)\Common Files\Microsoft Shared\Windows Live;C:\Program Files (x86)\Intel\iCLS Client\;C:\Program Files\Intel\iCLS Client\;C:\Program Files (x86)\NVIDIA Corporation\PhysX\Common;C:\Windows\system32;C:\Windows;C:\Windows\System32\Wbem;C:\Windows\System32\WindowsPowerShell\v1.0\;C:\Program Files (x86)\Intel\OpenCL SDK\2.0\bin\x86;C:\Program Files (x86)\Intel\OpenCL SDK\2.0\bin\x64;C:\Program Files\Intel\Intel(R) Management Engine Components\DAL;C:\Program Files\Intel\Intel(R) Management Engine Components\IPT;C:\Program Files (x86)\Intel\Intel(R) Management Engine Components\DAL;C:\Program Files (x86)\Intel\Intel(R) Management Engine Components\IPT;C:\Program Files (x86)\Windows Live\Shared;C:\Program Files\Git\cmd;E:\Akshay Data\eclipse-jee-neon-3-win32-x86_64 testngmaven\eclipse;
USERNAME=lenovo
OS=Windows_NT
PROCESSOR_IDENTIFIER=Intel64 Family 6 Model 42 Stepping 7, GenuineIntel



---------------  S Y S T E M  ---------------

OS: Windows 7 , 64 bit Build 7601 (6.1.7601.23889)

CPU:total 4 (initial active 4) (2 cores per cpu, 2 threads per core) family 6 model 42 stepping 7, cmov, cx8, fxsr, mmx, sse, sse2, sse3, ssse3, sse4.1, sse4.2, popcnt, avx, clmul, ht, tsc, tscinvbit

Memory: 4k page, physical 4050244k(366296k free), swap 16199116k(1844k free)

vm_info: Java HotSpot(TM) 64-Bit Server VM (25.144-b01) for windows-amd64 JRE (1.8.0_144-b01), built on Jul 21 2017 21:57:33 by "java_re" with MS VC++ 10.0 (VS2010)

time: Fri Aug 13 23:06:12 2021
elapsed time: 45 seconds (0d 0h 0m 45s)

