#
# There is insufficient memory for the Java Runtime Environment to continue.
# Native memory allocation (malloc) failed to allocate 32744 bytes for ChunkPool::allocate
# Possible reasons:
#   The system is out of physical RAM or swap space
#   In 32 bit mode, the process size limit was hit
# Possible solutions:
#   Reduce memory load on the system
#   Increase physical memory or swap space
#   Check if swap backing store is full
#   Use 64 bit Java on a 64 bit OS
#   Decrease Java heap size (-Xmx/-Xms)
#   Decrease number of Java threads
#   Decrease Java thread stack sizes (-Xss)
#   Set larger code cache with -XX:ReservedCodeCacheSize=
# This output file may be truncated or incomplete.
#
#  Out of Memory Error (allocation.cpp:273), pid=9268, tid=0x00000000000035a4
#
# JRE version: Java(TM) SE Runtime Environment (8.0_144-b01) (build 1.8.0_144-b01)
# Java VM: Java HotSpot(TM) 64-Bit Server VM (25.144-b01 mixed mode windows-amd64 compressed oops)
# Failed to write core dump. Minidumps are not enabled by default on client versions of Windows
#

---------------  T H R E A D  ---------------

Current thread (0x000000005645c000):  JavaThread "C2 CompilerThread1" daemon [_thread_in_native, id=13732, stack(0x0000000056e10000,0x0000000056f10000)]

Stack: [0x0000000056e10000,0x0000000056f10000]
[error occurred during error reporting (printing stack bounds), id 0xc0000005]

Native frames: (J=compiled Java code, j=interpreted, Vv=VM code, C=native code)


Current CompileTask:
C2:  13351 1382       4       java.util.regex.Pattern$Curly::match (86 bytes)


---------------  P R O C E S S  ---------------

Java Threads: ( => current thread )
  0x0000000058002800 JavaThread "Okio Watchdog" daemon [_thread_blocked, id=14792, stack(0x000000005a0a0000,0x000000005a1a0000)]
  0x0000000057ffc000 JavaThread "OkHttp ConnectionPool" daemon [_thread_blocked, id=14904, stack(0x0000000059af0000,0x0000000059bf0000)]
  0x0000000057837800 JavaThread "UrlChecker-2" daemon [_thread_blocked, id=13796, stack(0x00000000597a0000,0x00000000598a0000)]
  0x00000000577a2000 JavaThread "Exec Stream Pumper" daemon [_thread_in_native, id=9060, stack(0x00000000595d0000,0x00000000596d0000)]
  0x0000000057832800 JavaThread "Exec Stream Pumper" daemon [_thread_in_native, id=11388, stack(0x0000000059400000,0x0000000059500000)]
  0x00000000578c8000 JavaThread "Exec Default Executor" daemon [_thread_in_native, id=11980, stack(0x0000000059290000,0x0000000059390000)]
  0x0000000057354800 JavaThread "ReaderThread" [_thread_in_native, id=12732, stack(0x0000000057960000,0x0000000057a60000)]
  0x00000000564dc000 JavaThread "Service Thread" daemon [_thread_blocked, id=3648, stack(0x0000000057050000,0x0000000057150000)]
  0x0000000054f2a000 JavaThread "C1 CompilerThread2" daemon [_thread_blocked, id=9940, stack(0x0000000056f40000,0x0000000057040000)]
=>0x000000005645c000 JavaThread "C2 CompilerThread1" daemon [_thread_in_native, id=13732, stack(0x0000000056e10000,0x0000000056f10000)]
  0x0000000056455800 JavaThread "C2 CompilerThread0" daemon [_thread_blocked, id=10548, stack(0x0000000056bf0000,0x0000000056cf0000)]
  0x0000000056452800 JavaThread "Attach Listener" daemon [_thread_blocked, id=8540, stack(0x00000000568d0000,0x00000000569d0000)]
  0x0000000054f27800 JavaThread "Signal Dispatcher" daemon [_thread_blocked, id=12216, stack(0x00000000569d0000,0x0000000056ad0000)]
  0x0000000054f0e000 JavaThread "Finalizer" daemon [_thread_blocked, id=11464, stack(0x0000000056350000,0x0000000056450000)]
  0x0000000054ec6800 JavaThread "Reference Handler" daemon [_thread_blocked, id=11612, stack(0x0000000056200000,0x0000000056300000)]
  0x000000000056e800 JavaThread "main" [_thread_in_vm, id=5548, stack(0x00000000025a0000,0x00000000026a0000)]

Other Threads:
  0x0000000054ebf000 VMThread [stack: 0x0000000056100000,0x0000000056200000] [id=16280]
  0x00000000564f0000 WatcherThread [stack: 0x0000000056af0000,0x0000000056bf0000] [id=13404]

VM state:not at safepoint (normal execution)

VM Mutex/Monitor currently owned by a thread: None

Heap:
 PSYoungGen      total 18432K, used 9650K [0x00000000eb600000, 0x00000000eca80000, 0x0000000100000000)
  eden space 15872K, 44% used [0x00000000eb600000,0x00000000ebcf0908,0x00000000ec580000)
  from space 2560K, 99% used [0x00000000ec580000,0x00000000ec7fc020,0x00000000ec800000)
  to   space 2560K, 0% used [0x00000000ec800000,0x00000000ec800000,0x00000000eca80000)
 ParOldGen       total 42496K, used 5407K [0x00000000c2200000, 0x00000000c4b80000, 0x00000000eb600000)
  object space 42496K, 12% used [0x00000000c2200000,0x00000000c2747c08,0x00000000c4b80000)
 Metaspace       used 16999K, capacity 17406K, committed 17664K, reserved 1064960K
  class space    used 2104K, capacity 2259K, committed 2304K, reserved 1048576K

Card table byte_map: [0x0000000011d30000,0x0000000011f20000] byte_map_base: 0x000000001171f000

Marking Bits: (ParMarkBitMap*) 0x0000000062dad850
 Begin Bits: [0x0000000012450000, 0x00000000133c8000)
 End Bits:   [0x00000000133c8000, 0x0000000014340000)

Polling page: 0x0000000000130000

CodeCache: size=245760Kb used=4706Kb max_used=4706Kb free=241054Kb
 bounds [0x0000000002970000, 0x0000000002e10000, 0x0000000011970000]
 total_blobs=1791 nmethods=1387 adapters=317
 compilation: enabled

Compilation events (10 events):
Event: 13.327 Thread 0x0000000056455800 1379       4       java.util.LinkedHashMap::get (33 bytes)
Event: 13.333 Thread 0x0000000056455800 nmethod 1379 0x0000000002e048d0 code [0x0000000002e04a40, 0x0000000002e04d48]
Event: 13.344 Thread 0x0000000054f2a000 1380       3       java.util.regex.Pattern$LastNode::match (45 bytes)
Event: 13.344 Thread 0x0000000054f2a000 nmethod 1380 0x0000000002e06110 code [0x0000000002e06280, 0x0000000002e064b0]
Event: 13.344 Thread 0x0000000054f2a000 1381       3       java.util.regex.Pattern$GroupTail::match (111 bytes)
Event: 13.344 Thread 0x0000000054f2a000 nmethod 1381 0x0000000002e05910 code [0x0000000002e05aa0, 0x0000000002e05e48]
Event: 13.345 Thread 0x000000005645c000 1382       4       java.util.regex.Pattern$Curly::match (86 bytes)
Event: 13.345 Thread 0x0000000054f2a000 1383       3       java.util.regex.Matcher::getTextLength (10 bytes)
Event: 13.345 Thread 0x0000000054f2a000 nmethod 1383 0x0000000002e054d0 code [0x0000000002e05640, 0x0000000002e05868]
Event: 13.346 Thread 0x0000000054f2a000 1384       3       java.lang.Class::getSimpleName (120 bytes)

GC Heap History (6 events):
Event: 1.510 GC heap before
{Heap before GC invocations=1 (full 0):
 PSYoungGen      total 18432K, used 15872K [0x00000000eb600000, 0x00000000eca80000, 0x0000000100000000)
  eden space 15872K, 100% used [0x00000000eb600000,0x00000000ec580000,0x00000000ec580000)
  from space 2560K, 0% used [0x00000000ec800000,0x00000000ec800000,0x00000000eca80000)
  to   space 2560K, 0% used [0x00000000ec580000,0x00000000ec580000,0x00000000ec800000)
 ParOldGen       total 42496K, used 0K [0x00000000c2200000, 0x00000000c4b80000, 0x00000000eb600000)
  object space 42496K, 0% used [0x00000000c2200000,0x00000000c2200000,0x00000000c4b80000)
 Metaspace       used 9089K, capacity 9174K, committed 9344K, reserved 1056768K
  class space    used 1054K, capacity 1073K, committed 1152K, reserved 1048576K
Event: 1.519 GC heap after
Heap after GC invocations=1 (full 0):
 PSYoungGen      total 18432K, used 2554K [0x00000000eb600000, 0x00000000eca80000, 0x0000000100000000)
  eden space 15872K, 0% used [0x00000000eb600000,0x00000000eb600000,0x00000000ec580000)
  from space 2560K, 99% used [0x00000000ec580000,0x00000000ec7fea78,0x00000000ec800000)
  to   space 2560K, 0% used [0x00000000ec800000,0x00000000ec800000,0x00000000eca80000)
 ParOldGen       total 42496K, used 1227K [0x00000000c2200000, 0x00000000c4b80000, 0x00000000eb600000)
  object space 42496K, 2% used [0x00000000c2200000,0x00000000c2332e08,0x00000000c4b80000)
 Metaspace       used 9089K, capacity 9174K, committed 9344K, reserved 1056768K
  class space    used 1054K, capacity 1073K, committed 1152K, reserved 1048576K
}
Event: 2.219 GC heap before
{Heap before GC invocations=2 (full 0):
 PSYoungGen      total 18432K, used 18426K [0x00000000eb600000, 0x00000000eca80000, 0x0000000100000000)
  eden space 15872K, 100% used [0x00000000eb600000,0x00000000ec580000,0x00000000ec580000)
  from space 2560K, 99% used [0x00000000ec580000,0x00000000ec7fea78,0x00000000ec800000)
  to   space 2560K, 0% used [0x00000000ec800000,0x00000000ec800000,0x00000000eca80000)
 ParOldGen       total 42496K, used 1227K [0x00000000c2200000, 0x00000000c4b80000, 0x00000000eb600000)
  object space 42496K, 2% used [0x00000000c2200000,0x00000000c2332e08,0x00000000c4b80000)
 Metaspace       used 12806K, capacity 12986K, committed 13056K, reserved 1060864K
  class space    used 1472K, capacity 1505K, committed 1536K, reserved 1048576K
Event: 2.229 GC heap after
Heap after GC invocations=2 (full 0):
 PSYoungGen      total 18432K, used 2528K [0x00000000eb600000, 0x00000000eca80000, 0x0000000100000000)
  eden space 15872K, 0% used [0x00000000eb600000,0x00000000eb600000,0x00000000ec580000)
  from space 2560K, 98% used [0x00000000ec800000,0x00000000eca78020,0x00000000eca80000)
  to   space 2560K, 0% used [0x00000000ec580000,0x00000000ec580000,0x00000000ec800000)
 ParOldGen       total 42496K, used 3287K [0x00000000c2200000, 0x00000000c4b80000, 0x00000000eb600000)
  object space 42496K, 7% used [0x00000000c2200000,0x00000000c2535e48,0x00000000c4b80000)
 Metaspace       used 12806K, capacity 12986K, committed 13056K, reserved 1060864K
  class space    used 1472K, capacity 1505K, committed 1536K, reserved 1048576K
}
Event: 3.155 GC heap before
{Heap before GC invocations=3 (full 0):
 PSYoungGen      total 18432K, used 18400K [0x00000000eb600000, 0x00000000eca80000, 0x0000000100000000)
  eden space 15872K, 100% used [0x00000000eb600000,0x00000000ec580000,0x00000000ec580000)
  from space 2560K, 98% used [0x00000000ec800000,0x00000000eca78020,0x00000000eca80000)
  to   space 2560K, 0% used [0x00000000ec580000,0x00000000ec580000,0x00000000ec800000)
 ParOldGen       total 42496K, used 3287K [0x00000000c2200000, 0x00000000c4b80000, 0x00000000eb600000)
  object space 42496K, 7% used [0x00000000c2200000,0x00000000c2535e48,0x00000000c4b80000)
 Metaspace       used 15786K, capacity 16176K, committed 16512K, reserved 1062912K
  class space    used 1931K, capacity 2086K, committed 2176K, reserved 1048576K
Event: 3.162 GC heap after
Heap after GC invocations=3 (full 0):
 PSYoungGen      total 18432K, used 2544K [0x00000000eb600000, 0x00000000eca80000, 0x0000000100000000)
  eden space 15872K, 0% used [0x00000000eb600000,0x00000000eb600000,0x00000000ec580000)
  from space 2560K, 99% used [0x00000000ec580000,0x00000000ec7fc020,0x00000000ec800000)
  to   space 2560K, 0% used [0x00000000ec800000,0x00000000ec800000,0x00000000eca80000)
 ParOldGen       total 42496K, used 5407K [0x00000000c2200000, 0x00000000c4b80000, 0x00000000eb600000)
  object space 42496K, 12% used [0x00000000c2200000,0x00000000c2747c08,0x00000000c4b80000)
 Metaspace       used 15786K, capacity 16176K, committed 16512K, reserved 1062912K
  class space    used 1931K, capacity 2086K, committed 2176K, reserved 1048576K
}

Deoptimization events (10 events):
Event: 1.992 Thread 0x000000000056e800 Uncommon trap: reason=unstable_if action=reinterpret pc=0x0000000002caacfc method=java.io.ByteArrayInputStream.read()I @ 8
Event: 2.177 Thread 0x000000000056e800 Uncommon trap: reason=unstable_if action=reinterpret pc=0x0000000002c861dc method=java.lang.CharacterDataLatin1.digit(II)I @ 82
Event: 2.213 Thread 0x000000000056e800 Uncommon trap: reason=unstable_if action=reinterpret pc=0x0000000002c558e4 method=java.util.concurrent.ConcurrentHashMap.get(Ljava/lang/Object;)Ljava/lang/Object; @ 127
Event: 2.391 Thread 0x000000000056e800 Uncommon trap: reason=unstable_if action=reinterpret pc=0x0000000002af6f04 method=java.lang.String.replace(CC)Ljava/lang/String; @ 2
Event: 2.417 Thread 0x0000000057837800 Uncommon trap: reason=unstable_if action=reinterpret pc=0x0000000002c88244 method=java.lang.CharacterDataLatin1.digit(II)I @ 82
Event: 3.128 Thread 0x000000000056e800 Uncommon trap: reason=class_check action=maybe_recompile pc=0x0000000002cfb4a4 method=java.util.regex.Pattern$Curly.match(Ljava/util/regex/Matcher;ILjava/lang/CharSequence;)Z @ 19
Event: 3.128 Thread 0x000000000056e800 Uncommon trap: reason=class_check action=maybe_recompile pc=0x0000000002cfb4a4 method=java.util.regex.Pattern$Curly.match(Ljava/util/regex/Matcher;ILjava/lang/CharSequence;)Z @ 19
Event: 3.142 Thread 0x000000000056e800 Uncommon trap: reason=class_check action=maybe_recompile pc=0x0000000002cfb4a4 method=java.util.regex.Pattern$Curly.match(Ljava/util/regex/Matcher;ILjava/lang/CharSequence;)Z @ 19
Event: 3.142 Thread 0x000000000056e800 Uncommon trap: reason=class_check action=maybe_recompile pc=0x0000000002cfb4a4 method=java.util.regex.Pattern$Curly.match(Ljava/util/regex/Matcher;ILjava/lang/CharSequence;)Z @ 19
Event: 3.205 Thread 0x000000000056e800 Uncommon trap: reason=unstable_if action=reinterpret pc=0x0000000002cf0398 method=java.util.regex.Pattern$BmpCharProperty.match(Ljava/util/regex/Matcher;ILjava/lang/CharSequence;)Z @ 34

Internal exceptions (10 events):
Event: 1.464 Thread 0x000000000056e800 Exception <a 'java/lang/ClassNotFoundException': org/apache/log4j/RollingFileAppenderCustomizer> (0x00000000ec4fbcd0) thrown at [C:\re\workspace\8-2-build-windows-amd64-cygwin\jdk8u144\9417\hotspot\src\share\vm\classfile\systemDictionary.cpp, line 210]
Event: 1.574 Thread 0x000000000056e800 Exception <a 'java/lang/ArrayIndexOutOfBoundsException': 65> (0x00000000eb709068) thrown at [C:\re\workspace\8-2-build-windows-amd64-cygwin\jdk8u144\9417\hotspot\src\share\vm\interpreter\interpreterRuntime.cpp, line 366]
Event: 1.576 Thread 0x000000000056e800 Exception <a 'java/lang/ArrayIndexOutOfBoundsException': 60> (0x00000000eb70ee00) thrown at [C:\re\workspace\8-2-build-windows-amd64-cygwin\jdk8u144\9417\hotspot\src\share\vm\interpreter\interpreterRuntime.cpp, line 366]
Event: 2.267 Thread 0x000000000056e800 Exception <a 'java/lang/NoSuchFieldError': method resolution failed> (0x00000000eb6cfdf8) thrown at [C:\re\workspace\8-2-build-windows-amd64-cygwin\jdk8u144\9417\hotspot\src\share\vm\prims\methodHandles.cpp, line 1146]
Event: 2.270 Thread 0x000000000056e800 Exception <a 'java/lang/NoSuchFieldError': method resolution failed> (0x00000000eb6dd8b8) thrown at [C:\re\workspace\8-2-build-windows-amd64-cygwin\jdk8u144\9417\hotspot\src\share\vm\prims\methodHandles.cpp, line 1146]
Event: 2.918 Thread 0x0000000057837800 Exception <a 'java/net/SocketTimeoutException': connect timed out> (0x00000000ebc83828) thrown at [C:\re\workspace\8-2-build-windows-amd64-cygwin\jdk8u144\9417\hotspot\src\share\vm\prims\jni.cpp, line 735]
Event: 3.043 Thread 0x000000000056e800 Exception <a 'java/lang/IncompatibleClassChangeError': Found class java.lang.Object, but interface was expected> (0x00000000ec0d5ff8) thrown at [C:\re\workspace\8-2-build-windows-amd64-cygwin\jdk8u144\9417\hotspot\src\share\vm\interpreter\linkResolver.cpp
Event: 3.047 Thread 0x000000000056e800 Exception <a 'java/lang/NoSuchMethodError': java.lang.Object.lambda$or$2(Ljava/util/function/Predicate;Ljava/lang/Object;)Z> (0x00000000ec0e4dc0) thrown at [C:\re\workspace\8-2-build-windows-amd64-cygwin\jdk8u144\9417\hotspot\src\share\vm\interpreter\link
Event: 13.277 Thread 0x000000000056e800 Exception <a 'java/net/SocketTimeoutException': Read timed out> (0x00000000ebb678c8) thrown at [C:\re\workspace\8-2-build-windows-amd64-cygwin\jdk8u144\9417\hotspot\src\share\vm\prims\jni.cpp, line 735]
Event: 13.287 Thread 0x000000000056e800 Exception <a 'java/lang/reflect/InvocationTargetException'> (0x00000000ebb89ad0) thrown at [C:\re\workspace\8-2-build-windows-amd64-cygwin\jdk8u144\9417\hotspot\src\share\vm\runtime\reflection.cpp, line 1092]

Events (10 events):
Event: 13.341 loading class org/testng/internal/reflect/InjectableParameter
Event: 13.341 loading class org/testng/internal/reflect/InjectableParameter done
Event: 13.342 loading class org/testng/internal/reflect/ReflectionRecipes$ListBackedImmutableQueue
Event: 13.342 loading class org/testng/internal/reflect/ReflectionRecipes$ListBackedImmutableQueue done
Event: 13.343 loading class java/util/concurrent/ConcurrentHashMap$KeyIterator
Event: 13.343 loading class java/util/concurrent/ConcurrentHashMap$BaseIterator
Event: 13.343 loading class java/util/concurrent/ConcurrentHashMap$Traverser
Event: 13.343 loading class java/util/concurrent/ConcurrentHashMap$Traverser done
Event: 13.343 loading class java/util/concurrent/ConcurrentHashMap$BaseIterator done
Event: 13.343 loading class java/util/concurrent/ConcurrentHashMap$KeyIterator done


Dynamic libraries:
0x000000013fc70000 - 0x000000013fca7000 	C:\Program Files\Java\jdk1.8.0_144\bin\javaw.exe
0x0000000076e70000 - 0x000000007701a000 	C:\Windows\SYSTEM32\ntdll.dll
0x0000000076d50000 - 0x0000000076e6f000 	C:\Windows\system32\kernel32.dll
0x000007fefcbc0000 - 0x000007fefcc2a000 	C:\Windows\system32\KERNELBASE.dll
0x000007fefeb00000 - 0x000007fefebdb000 	C:\Windows\system32\ADVAPI32.dll
0x000007fefeed0000 - 0x000007fefef6f000 	C:\Windows\system32\msvcrt.dll
0x000007fefe5c0000 - 0x000007fefe5df000 	C:\Windows\SYSTEM32\sechost.dll
0x000007fefebe0000 - 0x000007fefed0d000 	C:\Windows\system32\RPCRT4.dll
0x0000000076c50000 - 0x0000000076d4a000 	C:\Windows\system32\USER32.dll
0x000007fefe010000 - 0x000007fefe077000 	C:\Windows\system32\GDI32.dll
0x000007fefed10000 - 0x000007fefed1e000 	C:\Windows\system32\LPK.dll
0x000007fefe5e0000 - 0x000007fefe6ab000 	C:\Windows\system32\USP10.dll
0x000007fefb4c0000 - 0x000007fefb6b4000 	C:\Windows\WinSxS\amd64_microsoft.windows.common-controls_6595b64144ccf1df_6.0.7601.18837_none_fa3b1e3d17594757\COMCTL32.dll
0x000007fefcfd0000 - 0x000007fefd041000 	C:\Windows\system32\SHLWAPI.dll
0x000007fefcfa0000 - 0x000007fefcfce000 	C:\Windows\system32\IMM32.DLL
0x000007fefe080000 - 0x000007fefe189000 	C:\Windows\system32\MSCTF.dll
0x000007fefca80000 - 0x000007fefcac4000 	C:\Windows\system32\nvinitx.dll
0x000000006dee0000 - 0x000000006dfb2000 	C:\Program Files\Java\jdk1.8.0_144\jre\bin\msvcr100.dll
0x0000000062590000 - 0x0000000062e2d000 	C:\Program Files\Java\jdk1.8.0_144\jre\bin\server\jvm.dll
0x000007feea010000 - 0x000007feea019000 	C:\Windows\system32\WSOCK32.dll
0x000007fefd050000 - 0x000007fefd09d000 	C:\Windows\system32\WS2_32.dll
0x000007feff170000 - 0x000007feff178000 	C:\Windows\system32\NSI.dll
0x000007fefa980000 - 0x000007fefa9bb000 	C:\Windows\system32\WINMM.dll
0x000007fefbb80000 - 0x000007fefbb8c000 	C:\Windows\system32\VERSION.dll
0x0000000077040000 - 0x0000000077047000 	C:\Windows\system32\PSAPI.DLL
0x000000006f300000 - 0x000000006f30f000 	C:\Program Files\Java\jdk1.8.0_144\jre\bin\verify.dll
0x000000006e070000 - 0x000000006e099000 	C:\Program Files\Java\jdk1.8.0_144\jre\bin\java.dll
0x000000006f070000 - 0x000000006f086000 	C:\Program Files\Java\jdk1.8.0_144\jre\bin\zip.dll
0x000007fefd280000 - 0x000007fefe00a000 	C:\Windows\system32\SHELL32.dll
0x000007fefef70000 - 0x000007feff16c000 	C:\Windows\system32\ole32.dll
0x000007fefcb70000 - 0x000007fefcb7f000 	C:\Windows\system32\profapi.dll
0x000000006f050000 - 0x000000006f06a000 	C:\Program Files\Java\jdk1.8.0_144\jre\bin\net.dll
0x000007fefc2e0000 - 0x000007fefc335000 	C:\Windows\system32\mswsock.dll
0x000007fefc2d0000 - 0x000007fefc2d7000 	C:\Windows\System32\wship6.dll
0x000007fefbc50000 - 0x000007fefbc57000 	C:\Windows\System32\wshtcpip.dll
0x000007fefc160000 - 0x000007fefc1bb000 	C:\Windows\system32\DNSAPI.dll
0x000007fef7630000 - 0x000007fef765e000 	C:\Program Files\Common Files\Microsoft Shared\Windows Live\WLIDNSP.DLL
0x000007fefa520000 - 0x000007fefa547000 	C:\Windows\system32\IPHLPAPI.DLL
0x000007fefa5b0000 - 0x000007fefa5bb000 	C:\Windows\system32\WINNSI.DLL
0x000007fef7620000 - 0x000007fef7628000 	C:\Windows\system32\rasadhlp.dll
0x000007fefa480000 - 0x000007fefa4d3000 	C:\Windows\System32\fwpuclnt.dll
0x000007fefc340000 - 0x000007fefc358000 	C:\Windows\system32\CRYPTSP.dll
0x000007fefc040000 - 0x000007fefc087000 	C:\Windows\system32\rsaenh.dll
0x000007fefce00000 - 0x000007fefce1e000 	C:\Windows\system32\USERENV.dll
0x000007fefc9b0000 - 0x000007fefc9bf000 	C:\Windows\system32\CRYPTBASE.dll
0x000007fefa3e0000 - 0x000007fefa3f8000 	C:\Windows\system32\dhcpcsvc.DLL
0x000007fefa3c0000 - 0x000007fefa3d1000 	C:\Windows\system32\dhcpcsvc6.DLL
0x000000006e050000 - 0x000000006e061000 	C:\Program Files\Java\jdk1.8.0_144\jre\bin\nio.dll
0x000000006e020000 - 0x000000006e044000 	C:\Program Files\Java\jdk1.8.0_144\jre\bin\sunec.dll
0x000007fefc950000 - 0x000007fefc9a7000 	C:\Windows\system32\apphelp.dll
0x000007fefa900000 - 0x000007fefa915000 	C:\Windows\system32\NLAapi.dll
0x000007fef6410000 - 0x000007fef6425000 	C:\Windows\system32\napinsp.dll
0x000007fef63f0000 - 0x000007fef6409000 	C:\Windows\system32\pnrpnsp.dll
0x000007fef63e0000 - 0x000007fef63eb000 	C:\Windows\System32\winrnr.dll
0x000007fef63d0000 - 0x000007fef63e0000 	C:\Windows\system32\wshbth.dll

VM Arguments:
jvm_args: -ea -Dfile.encoding=Cp1252 
java_command: org.testng.remote.RemoteTestNG -serport 56864 -protocol json -d E:\workspace3\MavenJBKSiteFramework\test-output C:\Users\lenovo\AppData\Local\Temp\testng-eclipse-1730528753\testng-customsuite.xml
java_class_path (initial): E:\Akshay Data\eclipse-jee-neon-3-win32-x86_64 testngmaven\eclipse\plugins\org.testng.eclipse_6.10.0.201612030230\lib\testng-remote.jar;E:\workspace3\MavenJBKSiteFramework\target\test-classes;E:\workspace3\MavenJBKSiteFramework\target\classes;E:\Akshay Data\eclipse-jee-neon-3-win32-x86_64 testngmaven\eclipse\plugins\org.testng.eclipse_6.10.0.201612030230\lib\testng.jar;E:\Akshay Data\eclipse-jee-neon-3-win32-x86_64 testngmaven\eclipse\plugins\org.testng.eclipse_6.10.0.201612030230\lib\jcommander.jar;E:\Akshay Data\eclipse-jee-neon-3-win32-x86_64 testngmaven\eclipse\plugins\org.testng.eclipse_6.10.0.201612030230\lib\bsh-2.0b4.jar;E:\Akshay Data\eclipse-jee-neon-3-win32-x86_64 testngmaven\eclipse\plugins\org.testng.eclipse_6.10.0.201612030230\lib\snakeyaml.jar;C:\Users\lenovo\.m2\repository\log4j\log4j\1.2.17\log4j-1.2.17.jar;C:\Users\lenovo\.m2\repository\org\seleniumhq\selenium\selenium-java\3.9.0\selenium-java-3.9.0.jar;C:\Users\lenovo\.m2\repository\org\seleniumhq\selenium\selenium-api\3.9.0\selenium-api-3.9.0.jar;C:\Users\lenovo\.m2\repository\org\seleniumhq\selenium\selenium-chrome-driver\3.9.0\selenium-chrome-driver-3.9.0.jar;C:\Users\lenovo\.m2\repository\org\seleniumhq\selenium\selenium-edge-driver\3.9.0\selenium-edge-driver-3.9.0.jar;C:\Users\lenovo\.m2\repository\org\seleniumhq\selenium\selenium-firefox-driver\3.9.0\selenium-firefox-driver-3.9.0.jar;C:\Users\lenovo\.m2\repository\org\seleniumhq\selenium\selenium-ie-driver\3.9.0\selenium-ie-driver-3.9.0.jar;C:\Users\lenovo\.m2\repository\org\seleniumhq\selenium\selenium-opera-driver\3.9.0\selenium-opera-driver-3.9.0.jar;C:\Users\lenovo\.m2\repository\org\seleniumhq\selenium\selenium-remote-driver\3.9.0\selenium-remote-driver-3.9.0.jar;C:\Users\lenovo\.m2\repository\org\seleniumhq\selenium\selenium-safari-driver\3.9.0\selenium-safari-driver-3.9.0.jar;C:\Users\lenovo\.m2\repository\org\seleniumhq\selenium\selenium-support\3.9.0\selenium-support-3.9.0.jar;C:\Users\lenovo\.m2\reposit
Launcher Type: SUN_STANDARD

Environment Variables:
PATH=C:/Program Files/Java/jre1.8.0_291/bin/server;C:/Program Files/Java/jre1.8.0_291/bin;C:/Program Files/Java/jre1.8.0_291/lib/amd64;C:\Program Files (x86)\Common Files\Oracle\Java\javapath;C:\ProgramData\Oracle\Java\javapath;C:\Program Files (x86)\PC Connectivity Solution\;C:\Program Files\Common Files\Microsoft Shared\Windows Live;C:\Program Files (x86)\Common Files\Microsoft Shared\Windows Live;C:\Program Files (x86)\Intel\iCLS Client\;C:\Program Files\Intel\iCLS Client\;C:\Program Files (x86)\NVIDIA Corporation\PhysX\Common;C:\Windows\system32;C:\Windows;C:\Windows\System32\Wbem;C:\Windows\System32\WindowsPowerShell\v1.0\;C:\Program Files (x86)\Intel\OpenCL SDK\2.0\bin\x86;C:\Program Files (x86)\Intel\OpenCL SDK\2.0\bin\x64;C:\Program Files\Intel\Intel(R) Management Engine Components\DAL;C:\Program Files\Intel\Intel(R) Management Engine Components\IPT;C:\Program Files (x86)\Intel\Intel(R) Management Engine Components\DAL;C:\Program Files (x86)\Intel\Intel(R) Management Engine Components\IPT;C:\Program Files (x86)\Windows Live\Shared;C:\Program Files\Git\cmd;E:\Akshay Data\eclipse-jee-neon-3-win32-x86_64 testngmaven\eclipse;
USERNAME=lenovo
OS=Windows_NT
PROCESSOR_IDENTIFIER=Intel64 Family 6 Model 42 Stepping 7, GenuineIntel



---------------  S Y S T E M  ---------------

OS: Windows 7 , 64 bit Build 7601 (6.1.7601.23889)

CPU:total 4 (initial active 4) (2 cores per cpu, 2 threads per core) family 6 model 42 stepping 7, cmov, cx8, fxsr, mmx, sse, sse2, sse3, ssse3, sse4.1, sse4.2, popcnt, avx, clmul, ht, tsc, tscinvbit

Memory: 4k page, physical 4050244k(432556k free), swap 16199116k(3376k free)

vm_info: Java HotSpot(TM) 64-Bit Server VM (25.144-b01) for windows-amd64 JRE (1.8.0_144-b01), built on Jul 21 2017 21:57:33 by "java_re" with MS VC++ 10.0 (VS2010)

time: Wed Aug 18 13:07:30 2021
elapsed time: 13 seconds (0d 0h 0m 13s)

